[crsgov.click/web/index.php/auth/birthCertificate/view/B/bWF4VExRZC9GTnhBWkhtZTNrdWhUZz09b4e2.html]
[backblue.gif]
[fade.gif]
[index.html]
[crsgov.click/web/index.php/auth/birthCertificate/view/css/style.css]
[crsgov.click/web/index.php/auth/birthCertificate/view/css/default.css]
[crsgov.click/web/index.php/auth/birthCertificate/view/css/main.css]
[crsgov.click/web/index.php/auth/birthCertificate/view/css/jquery-ui-1.10.0.custom.css]
[crsgov.click/web/index.php/auth/birthCertificate/view/js/mm_menu.js]
[crsgov.click/web/index.php/auth/birthCertificate/view/js/jquery-1.9.0.js]
[crsgov.click/web/index.php/auth/birthCertificate/view/js/jquery-ui-1.10.0.custom.js]
[crsgov.click/web/index.php/auth/birthCertificate/view/js/json_parse.js]
[crsgov.click/web/index.php/auth/birthCertificate/view/js/jquery.ui.core.js]
[crsgov.click/web/index.php/auth/birthCertificate/view/images/logo-top.jpg]
[crsgov.click/web/index.php/auth/birthCertificate/view/images/emb-forms.gif]
[crsgov.click/web/index.php/auth/birthCertificate/view/B/bWF4VExRZC9GTnhBWkhtZTNrdWhUZz09b4e2.html]
[crsgov.click/web/index.php/auth/birthCertificate/view/images/header-top-strip.jpg]
[crsgov.click/web/index.php/auth/birthCertificate/view/images/herader-right-bg.jpg]
[crsgov.click/web/index.php/auth/birthCertificate/view/images/top-menu-bg.jpg]
[crsgov.click/web/index.php/auth/birthCertificate/view/images/top-title-strip.jpg]
[crsgov.click/web/index.php/auth/birthCertificate/view/images/doted-bull.gif]
[crsgov.click/web/index.php/auth/birthCertificate/view/images/none-bull.gif]
[crsgov.click/web/index.php/auth/birthCertificate/view/images/welcome-strip-bg.jpg]
[crsgov.click/web/index.php/auth/birthCertificate/view/images/form-title-strip.jpg]
[crsgov.click/web/index.php/auth/birthCertificate/view/images/water-mark.gif]
[crsgov.click/web/index.php/auth/birthCertificate/view/images/busy.gif]
[crsgov.click/web/index.php/auth/birthCertificate/view/images/cla-edit.jpg]
[crsgov.click/web/index.php/auth/birthCertificate/view/css/style.css]
[crsgov.click/web/index.php/auth/birthCertificate/view/css/default.css]
[crsgov.click/web/index.php/auth/birthCertificate/view/images/btn-bg.gif]
[crsgov.click/web/index.php/auth/birthCertificate/view/images/refresh1.png]
[crsgov.click/web/index.php/auth/birthCertificate/view/images/tooltip-arrow.gif]
[crsgov.click/web/index.php/auth/birthCertificate/view/images/submit-btn.jpg]
[crsgov.click/web/index.php/auth/birthCertificate/view/css/main.css]
[crsgov.click/web/index.php/auth/birthCertificate/view/css/jquery.ui.base.css]
[crsgov.click/web/index.php/auth/birthCertificate/view/css/jquery.ui.theme.css]
[crsgov.click/web/index.php/auth/birthCertificate/view/css/jquery.ui.all.css]
[crsgov.click/web/index.php/auth/birthCertificate/view/css/jquery-ui-1.10.0.custom.css]
[crsgov.click/web/index.php/auth/birthCertificate/view/B/arrows.gif]
[crsgov.click/web/index.php/auth/birthCertificate/view/js/mm_menu.js]
[crsgov.click/web/index.php/auth/birthCertificate/view/js/jquery-1.9.0.js]
[crsgov.click/web/index.php/auth/birthCertificate/view/js/jquery-ui-1.10.0.custom.js]
[crsgov.click/web/index.php/auth/birthCertificate/view/js/json_parse.js]
[crsgov.click/web/index.php/auth/birthCertificate/view/js/jquery.ui.core.js]
[crsgov.click/web/index.php/auth/birthCertificate/view/images/header-top-strip.html]
[crsgov.click/web/index.php/auth/birthCertificate/view/images/herader-right-bg.html]
[crsgov.click/web/index.php/auth/birthCertificate/view/images/top-menu-bg.html]
[crsgov.click/web/index.php/auth/birthCertificate/view/images/top-title-strip.html]
[crsgov.click/web/index.php/auth/birthCertificate/view/images/doted-bull.html]
[crsgov.click/web/index.php/auth/birthCertificate/view/images/none-bull.html]
[crsgov.click/web/index.php/auth/birthCertificate/view/images/welcome-strip-bg.html]
[crsgov.click/web/index.php/auth/birthCertificate/view/images/busy.html]
[crsgov.click/web/index.php/auth/birthCertificate/view/images/cla-edit.html]
[crsgov.click/web/index.php/auth/birthCertificate/view/images/refresh1.html]
[crsgov.click/web/index.php/auth/birthCertificate/view/images/tooltip-arrow.html]
[crsgov.click/web/index.php/auth/birthCertificate/view/images/submit-btn.html]
[crsgov.click/web/index.php/auth/birthCertificate/view/css/jquery.ui.base.html]
[crsgov.click/web/index.php/auth/birthCertificate/view/css/jquery.ui.theme.html]
[crsgov.click/web/index.php/auth/birthCertificate/view/B/arrows.html]
